2023-03-30 00:20:19,276 [Worker-6: Loading available Gradle versions] INFO  o.e.b.c.i.u.g.PublishedGradleVersions - Gradle version information cache is out-of-date. Trying to update.
2023-03-30 00:22:34,764 [Worker-11: Launching mavenrun-00d2be90-b4ea-4607-8761-34ee82162922] INFO  o.eclipse.m2e.core.internal.Bundles - getClasspathEntries(Bundle=org.eclipse.m2e.maven.runtime_3.8.701.20230209-1606 [951])
2023-03-30 00:22:34,773 [Worker-11: Launching mavenrun-00d2be90-b4ea-4607-8761-34ee82162922] INFO  o.eclipse.m2e.core.internal.Bundles - 	Entry: /Users/eberechukwukathomas/.p2/pool/plugins/org.eclipse.m2e.maven.runtime_3.8.701.20230209-1606
2023-03-30 00:22:34,773 [Worker-11: Launching mavenrun-00d2be90-b4ea-4607-8761-34ee82162922] INFO  o.eclipse.m2e.core.internal.Bundles - 	Entry: /Users/eberechukwukathomas/.p2/pool/plugins/org.eclipse.m2e.maven.runtime_3.8.701.20230209-1606/jars/aether-connector-okhttp-0.17.8.jar
2023-03-30 00:22:34,773 [Worker-11: Launching mavenrun-00d2be90-b4ea-4607-8761-34ee82162922] INFO  o.eclipse.m2e.core.internal.Bundles - 	Entry: /Users/eberechukwukathomas/.p2/pool/plugins/org.eclipse.m2e.maven.runtime_3.8.701.20230209-1606/jars/commons-lang3-3.8.1.jar
2023-03-30 00:22:34,773 [Worker-11: Launching mavenrun-00d2be90-b4ea-4607-8761-34ee82162922] INFO  o.eclipse.m2e.core.internal.Bundles - 	Entry: /Users/eberechukwukathomas/.p2/pool/plugins/org.eclipse.m2e.maven.runtime_3.8.701.20230209-1606/jars/guice-4.2.2-no_aop.jar
2023-03-30 00:22:34,774 [Worker-11: Launching mavenrun-00d2be90-b4ea-4607-8761-34ee82162922] INFO  o.eclipse.m2e.core.internal.Bundles - 	Entry: /Users/eberechukwukathomas/.p2/pool/plugins/org.eclipse.m2e.maven.runtime_3.8.701.20230209-1606/jars/jansi-2.4.0.jar
2023-03-30 00:22:34,774 [Worker-11: Launching mavenrun-00d2be90-b4ea-4607-8761-34ee82162922] INFO  o.eclipse.m2e.core.internal.Bundles - 	Entry: /Users/eberechukwukathomas/.p2/pool/plugins/org.eclipse.m2e.maven.runtime_3.8.701.20230209-1606/jars/maven-artifact-3.8.7.jar
2023-03-30 00:22:34,774 [Worker-11: Launching mavenrun-00d2be90-b4ea-4607-8761-34ee82162922] INFO  o.eclipse.m2e.core.internal.Bundles - 	Entry: /Users/eberechukwukathomas/.p2/pool/plugins/org.eclipse.m2e.maven.runtime_3.8.701.20230209-1606/jars/maven-builder-support-3.8.7.jar
2023-03-30 00:22:34,774 [Worker-11: Launching mavenrun-00d2be90-b4ea-4607-8761-34ee82162922] INFO  o.eclipse.m2e.core.internal.Bundles - 	Entry: /Users/eberechukwukathomas/.p2/pool/plugins/org.eclipse.m2e.maven.runtime_3.8.701.20230209-1606/jars/maven-compat-3.8.7.jar
2023-03-30 00:22:34,774 [Worker-11: Launching mavenrun-00d2be90-b4ea-4607-8761-34ee82162922] INFO  o.eclipse.m2e.core.internal.Bundles - 	Entry: /Users/eberechukwukathomas/.p2/pool/plugins/org.eclipse.m2e.maven.runtime_3.8.701.20230209-1606/jars/maven-core-3.8.7.jar
2023-03-30 00:22:34,774 [Worker-11: Launching mavenrun-00d2be90-b4ea-4607-8761-34ee82162922] INFO  o.eclipse.m2e.core.internal.Bundles - 	Entry: /Users/eberechukwukathomas/.p2/pool/plugins/org.eclipse.m2e.maven.runtime_3.8.701.20230209-1606/jars/maven-embedder-3.8.7.jar
2023-03-30 00:22:34,774 [Worker-11: Launching mavenrun-00d2be90-b4ea-4607-8761-34ee82162922] INFO  o.eclipse.m2e.core.internal.Bundles - 	Entry: /Users/eberechukwukathomas/.p2/pool/plugins/org.eclipse.m2e.maven.runtime_3.8.701.20230209-1606/jars/maven-model-3.8.7.jar
2023-03-30 00:22:34,774 [Worker-11: Launching mavenrun-00d2be90-b4ea-4607-8761-34ee82162922] INFO  o.eclipse.m2e.core.internal.Bundles - 	Entry: /Users/eberechukwukathomas/.p2/pool/plugins/org.eclipse.m2e.maven.runtime_3.8.701.20230209-1606/jars/maven-model-builder-3.8.7.jar
2023-03-30 00:22:34,774 [Worker-11: Launching mavenrun-00d2be90-b4ea-4607-8761-34ee82162922] INFO  o.eclipse.m2e.core.internal.Bundles - 	Entry: /Users/eberechukwukathomas/.p2/pool/plugins/org.eclipse.m2e.maven.runtime_3.8.701.20230209-1606/jars/maven-plugin-api-3.8.7.jar
2023-03-30 00:22:34,774 [Worker-11: Launching mavenrun-00d2be90-b4ea-4607-8761-34ee82162922] INFO  o.eclipse.m2e.core.internal.Bundles - 	Entry: /Users/eberechukwukathomas/.p2/pool/plugins/org.eclipse.m2e.maven.runtime_3.8.701.20230209-1606/jars/maven-repository-metadata-3.8.7.jar
2023-03-30 00:22:34,775 [Worker-11: Launching mavenrun-00d2be90-b4ea-4607-8761-34ee82162922] INFO  o.eclipse.m2e.core.internal.Bundles - 	Entry: /Users/eberechukwukathomas/.p2/pool/plugins/org.eclipse.m2e.maven.runtime_3.8.701.20230209-1606/jars/maven-resolver-api-1.6.3.jar
2023-03-30 00:22:34,775 [Worker-11: Launching mavenrun-00d2be90-b4ea-4607-8761-34ee82162922] INFO  o.eclipse.m2e.core.internal.Bundles - 	Entry: /Users/eberechukwukathomas/.p2/pool/plugins/org.eclipse.m2e.maven.runtime_3.8.701.20230209-1606/jars/maven-resolver-connector-basic-1.6.3.jar
2023-03-30 00:22:34,775 [Worker-11: Launching mavenrun-00d2be90-b4ea-4607-8761-34ee82162922] INFO  o.eclipse.m2e.core.internal.Bundles - 	Entry: /Users/eberechukwukathomas/.p2/pool/plugins/org.eclipse.m2e.maven.runtime_3.8.701.20230209-1606/jars/maven-resolver-impl-1.6.3.jar
2023-03-30 00:22:34,775 [Worker-11: Launching mavenrun-00d2be90-b4ea-4607-8761-34ee82162922] INFO  o.eclipse.m2e.core.internal.Bundles - 	Entry: /Users/eberechukwukathomas/.p2/pool/plugins/org.eclipse.m2e.maven.runtime_3.8.701.20230209-1606/jars/maven-resolver-provider-3.8.7.jar
2023-03-30 00:22:34,775 [Worker-11: Launching mavenrun-00d2be90-b4ea-4607-8761-34ee82162922] INFO  o.eclipse.m2e.core.internal.Bundles - 	Entry: /Users/eberechukwukathomas/.p2/pool/plugins/org.eclipse.m2e.maven.runtime_3.8.701.20230209-1606/jars/maven-resolver-spi-1.6.3.jar
2023-03-30 00:22:34,775 [Worker-11: Launching mavenrun-00d2be90-b4ea-4607-8761-34ee82162922] INFO  o.eclipse.m2e.core.internal.Bundles - 	Entry: /Users/eberechukwukathomas/.p2/pool/plugins/org.eclipse.m2e.maven.runtime_3.8.701.20230209-1606/jars/maven-resolver-transport-wagon-1.6.3.jar
2023-03-30 00:22:34,775 [Worker-11: Launching mavenrun-00d2be90-b4ea-4607-8761-34ee82162922] INFO  o.eclipse.m2e.core.internal.Bundles - 	Entry: /Users/eberechukwukathomas/.p2/pool/plugins/org.eclipse.m2e.maven.runtime_3.8.701.20230209-1606/jars/maven-resolver-util-1.6.3.jar
2023-03-30 00:22:34,775 [Worker-11: Launching mavenrun-00d2be90-b4ea-4607-8761-34ee82162922] INFO  o.eclipse.m2e.core.internal.Bundles - 	Entry: /Users/eberechukwukathomas/.p2/pool/plugins/org.eclipse.m2e.maven.runtime_3.8.701.20230209-1606/jars/maven-settings-3.8.7.jar
2023-03-30 00:22:34,775 [Worker-11: Launching mavenrun-00d2be90-b4ea-4607-8761-34ee82162922] INFO  o.eclipse.m2e.core.internal.Bundles - 	Entry: /Users/eberechukwukathomas/.p2/pool/plugins/org.eclipse.m2e.maven.runtime_3.8.701.20230209-1606/jars/maven-settings-builder-3.8.7.jar
2023-03-30 00:22:34,775 [Worker-11: Launching mavenrun-00d2be90-b4ea-4607-8761-34ee82162922] INFO  o.eclipse.m2e.core.internal.Bundles - 	Entry: /Users/eberechukwukathomas/.p2/pool/plugins/org.eclipse.m2e.maven.runtime_3.8.701.20230209-1606/jars/maven-shared-utils-3.3.4.jar
2023-03-30 00:22:34,775 [Worker-11: Launching mavenrun-00d2be90-b4ea-4607-8761-34ee82162922] INFO  o.eclipse.m2e.core.internal.Bundles - 	Entry: /Users/eberechukwukathomas/.p2/pool/plugins/org.eclipse.m2e.maven.runtime_3.8.701.20230209-1606/jars/okhttp-3.14.1.jar
2023-03-30 00:22:34,775 [Worker-11: Launching mavenrun-00d2be90-b4ea-4607-8761-34ee82162922] INFO  o.eclipse.m2e.core.internal.Bundles - 	Entry: /Users/eberechukwukathomas/.p2/pool/plugins/org.eclipse.m2e.maven.runtime_3.8.701.20230209-1606/jars/okio-1.17.3.jar
2023-03-30 00:22:34,776 [Worker-11: Launching mavenrun-00d2be90-b4ea-4607-8761-34ee82162922] INFO  o.eclipse.m2e.core.internal.Bundles - 	Entry: /Users/eberechukwukathomas/.p2/pool/plugins/org.eclipse.m2e.maven.runtime_3.8.701.20230209-1606/jars/org.eclipse.sisu.inject-0.3.5.jar
2023-03-30 00:22:34,776 [Worker-11: Launching mavenrun-00d2be90-b4ea-4607-8761-34ee82162922] INFO  o.eclipse.m2e.core.internal.Bundles - 	Entry: /Users/eberechukwukathomas/.p2/pool/plugins/org.eclipse.m2e.maven.runtime_3.8.701.20230209-1606/jars/org.eclipse.sisu.plexus-0.3.5.jar
2023-03-30 00:22:34,776 [Worker-11: Launching mavenrun-00d2be90-b4ea-4607-8761-34ee82162922] INFO  o.eclipse.m2e.core.internal.Bundles - 	Entry: /Users/eberechukwukathomas/.p2/pool/plugins/org.eclipse.m2e.maven.runtime_3.8.701.20230209-1606/jars/plexus-build-api-0.0.7.jar
2023-03-30 00:22:34,776 [Worker-11: Launching mavenrun-00d2be90-b4ea-4607-8761-34ee82162922] INFO  o.eclipse.m2e.core.internal.Bundles - 	Entry: /Users/eberechukwukathomas/.p2/pool/plugins/org.eclipse.m2e.maven.runtime_3.8.701.20230209-1606/jars/plexus-cipher-2.0.jar
2023-03-30 00:22:34,776 [Worker-11: Launching mavenrun-00d2be90-b4ea-4607-8761-34ee82162922] INFO  o.eclipse.m2e.core.internal.Bundles - 	Entry: /Users/eberechukwukathomas/.p2/pool/plugins/org.eclipse.m2e.maven.runtime_3.8.701.20230209-1606/jars/plexus-classworlds-2.6.0.jar
2023-03-30 00:22:34,776 [Worker-11: Launching mavenrun-00d2be90-b4ea-4607-8761-34ee82162922] INFO  o.eclipse.m2e.core.internal.Bundles - 	Entry: /Users/eberechukwukathomas/.p2/pool/plugins/org.eclipse.m2e.maven.runtime_3.8.701.20230209-1606/jars/plexus-component-annotations-2.1.0.jar
2023-03-30 00:22:34,776 [Worker-11: Launching mavenrun-00d2be90-b4ea-4607-8761-34ee82162922] INFO  o.eclipse.m2e.core.internal.Bundles - 	Entry: /Users/eberechukwukathomas/.p2/pool/plugins/org.eclipse.m2e.maven.runtime_3.8.701.20230209-1606/jars/plexus-interpolation-1.26.jar
2023-03-30 00:22:34,776 [Worker-11: Launching mavenrun-00d2be90-b4ea-4607-8761-34ee82162922] INFO  o.eclipse.m2e.core.internal.Bundles - 	Entry: /Users/eberechukwukathomas/.p2/pool/plugins/org.eclipse.m2e.maven.runtime_3.8.701.20230209-1606/jars/plexus-sec-dispatcher-2.0.jar
2023-03-30 00:22:34,776 [Worker-11: Launching mavenrun-00d2be90-b4ea-4607-8761-34ee82162922] INFO  o.eclipse.m2e.core.internal.Bundles - 	Entry: /Users/eberechukwukathomas/.p2/pool/plugins/org.eclipse.m2e.maven.runtime_3.8.701.20230209-1606/jars/plexus-utils-3.3.1.jar
2023-03-30 00:22:34,776 [Worker-11: Launching mavenrun-00d2be90-b4ea-4607-8761-34ee82162922] INFO  o.eclipse.m2e.core.internal.Bundles - 	Entry: /Users/eberechukwukathomas/.p2/pool/plugins/org.eclipse.m2e.maven.runtime_3.8.701.20230209-1606/jars/wagon-file-3.5.3.jar
2023-03-30 00:22:34,776 [Worker-11: Launching mavenrun-00d2be90-b4ea-4607-8761-34ee82162922] INFO  o.eclipse.m2e.core.internal.Bundles - 	Entry: /Users/eberechukwukathomas/.p2/pool/plugins/org.eclipse.m2e.maven.runtime_3.8.701.20230209-1606/jars/wagon-provider-api-3.5.3.jar
2023-03-30 00:22:34,779 [Worker-11: Launching mavenrun-00d2be90-b4ea-4607-8761-34ee82162922] INFO  o.eclipse.m2e.core.internal.Bundles - getClasspathEntries(Bundle=com.google.guava_30.1.0.v20221112-0806 [731])
2023-03-30 00:22:34,780 [Worker-11: Launching mavenrun-00d2be90-b4ea-4607-8761-34ee82162922] INFO  o.eclipse.m2e.core.internal.Bundles - 	Entry: /Users/eberechukwukathomas/.p2/pool/plugins/com.google.guava_30.1.0.v20221112-0806.jar
2023-03-30 00:22:34,780 [Worker-11: Launching mavenrun-00d2be90-b4ea-4607-8761-34ee82162922] INFO  o.eclipse.m2e.core.internal.Bundles - getClasspathEntries(Bundle=slf4j.api_1.7.36 [1118])
2023-03-30 00:22:34,782 [Worker-11: Launching mavenrun-00d2be90-b4ea-4607-8761-34ee82162922] INFO  o.eclipse.m2e.core.internal.Bundles - 	Entry: /Users/eberechukwukathomas/.p2/pool/plugins/slf4j.api_1.7.36.jar
2023-03-30 00:22:34,782 [Worker-11: Launching mavenrun-00d2be90-b4ea-4607-8761-34ee82162922] INFO  o.eclipse.m2e.core.internal.Bundles - getClasspathEntries(Bundle=javax.inject_1.0.0.v20220405-0441 [17])
2023-03-30 00:22:34,784 [Worker-11: Launching mavenrun-00d2be90-b4ea-4607-8761-34ee82162922] INFO  o.eclipse.m2e.core.internal.Bundles - 	Entry: /Users/eberechukwukathomas/.p2/pool/plugins/javax.inject_1.0.0.v20220405-0441.jar
2023-03-30 00:22:34,784 [Worker-11: Launching mavenrun-00d2be90-b4ea-4607-8761-34ee82162922] INFO  o.eclipse.m2e.core.internal.Bundles - getClasspathEntries(Bundle=javax.annotation_1.3.5.v20221112-0806 [740])
2023-03-30 00:22:34,786 [Worker-11: Launching mavenrun-00d2be90-b4ea-4607-8761-34ee82162922] INFO  o.eclipse.m2e.core.internal.Bundles - 	Entry: /Users/eberechukwukathomas/.p2/pool/plugins/javax.annotation_1.3.5.v20221112-0806.jar
2023-03-30 00:22:34,786 [Worker-11: Launching mavenrun-00d2be90-b4ea-4607-8761-34ee82162922] INFO  o.eclipse.m2e.core.internal.Bundles - getClasspathEntries(Bundle=org.apache.commons.cli_1.4.0.v20221112-0806 [758])
2023-03-30 00:22:34,788 [Worker-11: Launching mavenrun-00d2be90-b4ea-4607-8761-34ee82162922] INFO  o.eclipse.m2e.core.internal.Bundles - 	Entry: /Users/eberechukwukathomas/.p2/pool/plugins/org.apache.commons.cli_1.4.0.v20221112-0806.jar
2023-03-30 00:22:34,797 [Worker-11: Launching mavenrun-00d2be90-b4ea-4607-8761-34ee82162922] INFO  o.e.m.i.launch.MavenLaunchDelegate - Run build in "/var/folders/18/nt6qwdpd69d4vd3cxt_d2lrw0000gn/T/m2e-archetypeGenerator11815329040011500959":
2023-03-30 00:22:34,803 [Worker-11: Launching mavenrun-00d2be90-b4ea-4607-8761-34ee82162922] INFO  o.e.m.i.launch.MavenLaunchDelegate -  mvn  -DarchetypeGroupId=org.apache.maven.archetypes -DarchetypeArtifactId=maven-archetype-webapp -DarchetypeVersion=1.4 -DgroupId=student -DartifactId=Student-Details-Portal -Dversion=0.0.1-SNAPSHOT -Dpackage=student.Student_Details_Portal -DoutputDirectory=/Users/eberechukwukathomas/Documents/Java-files/StudentRegistrationform -Dstyle.color=always -U archetype:generate
2023-03-30 00:22:55,297 [Worker-13: Creating maven-archetype-webapp] INFO  o.e.m.c.i.p.ProjectConfigurationManager - Collecting project info '/pom.xml' /Users/eberechukwukathomas/Documents/Java-files/StudentRegistrationform/Student-Details-Portal/pom.xml
2023-03-30 00:22:55,835 [Worker-13: Creating maven-archetype-webapp] INFO  o.e.m.c.i.l.LifecycleMappingFactory - Using org.eclipse.m2e.jdt.JarLifecycleMapping lifecycle mapping for MavenProject: student:Student-Details-Portal:0.0.1-SNAPSHOT @ /Users/eberechukwukathomas/Documents/Java-files/StudentRegistrationform/Student-Details-Portal/pom.xml.
2023-03-30 00:22:55,974 [Worker-13: Creating maven-archetype-webapp] INFO  o.e.m.j.i.AbstractJavaProjectConfigurator - Adding source folder /Student-Details-Portal/src/main/java
2023-03-30 00:22:55,974 [Worker-13: Creating maven-archetype-webapp] INFO  o.e.m.j.i.AbstractJavaProjectConfigurator - Adding source folder /Student-Details-Portal/src/test/java
2023-03-30 00:22:56,058 [Worker-13: Creating maven-archetype-webapp] INFO  o.e.m.c.i.p.ProjectConfigurationManager - Imported and configured 1 project(s) in 0 sec
2023-03-30 00:22:56,636 [Worker-26: Building] INFO  o.e.m.c.i.embedder.EclipseLogger - Using 'UTF-8' encoding to copy filtered resources.
2023-03-30 00:22:56,637 [Worker-26: Building] INFO  o.e.m.c.i.embedder.EclipseLogger - skip non existing resourceDirectory /Users/eberechukwukathomas/Documents/Java-files/StudentRegistrationform/Student-Details-Portal/src/main/resources
2023-03-30 00:22:56,639 [Worker-26: Building] INFO  o.e.m.c.i.embedder.EclipseLogger - Using 'UTF-8' encoding to copy filtered resources.
2023-03-30 00:22:56,639 [Worker-26: Building] INFO  o.e.m.c.i.embedder.EclipseLogger - skip non existing resourceDirectory /Users/eberechukwukathomas/Documents/Java-files/StudentRegistrationform/Student-Details-Portal/src/test/resources
2023-03-30 00:23:46,061 [Worker-27: Building Project Student-Details-Portal] INFO  o.e.m.c.i.embedder.EclipseLogger - Using 'UTF-8' encoding to copy filtered resources.
2023-03-30 00:23:46,062 [Worker-27: Building Project Student-Details-Portal] INFO  o.e.m.c.i.embedder.EclipseLogger - skip non existing resourceDirectory /Users/eberechukwukathomas/Documents/Java-files/StudentRegistrationform/Student-Details-Portal/src/main/resources
2023-03-30 00:23:46,065 [Worker-27: Building Project Student-Details-Portal] INFO  o.e.m.c.i.embedder.EclipseLogger - Using 'UTF-8' encoding to copy filtered resources.
2023-03-30 00:23:46,065 [Worker-27: Building Project Student-Details-Portal] INFO  o.e.m.c.i.embedder.EclipseLogger - skip non existing resourceDirectory /Users/eberechukwukathomas/Documents/Java-files/StudentRegistrationform/Student-Details-Portal/src/test/resources
2023-03-30 00:24:48,138 [Worker-29: Building] INFO  o.e.m.c.i.embedder.EclipseLogger - Using 'UTF-8' encoding to copy filtered resources.
2023-03-30 00:24:48,138 [Worker-29: Building] INFO  o.e.m.c.i.embedder.EclipseLogger - skip non existing resourceDirectory /Users/eberechukwukathomas/Documents/Java-files/StudentRegistrationform/Student-Details-Portal/src/main/resources
2023-03-30 00:24:48,140 [Worker-29: Building] INFO  o.e.m.c.i.embedder.EclipseLogger - Using 'UTF-8' encoding to copy filtered resources.
2023-03-30 00:24:48,141 [Worker-29: Building] INFO  o.e.m.c.i.embedder.EclipseLogger - skip non existing resourceDirectory /Users/eberechukwukathomas/Documents/Java-files/StudentRegistrationform/Student-Details-Portal/src/test/resources
2023-03-30 00:24:49,223 [Worker-25: Building] INFO  o.e.m.c.i.embedder.EclipseLogger - Using 'UTF-8' encoding to copy filtered resources.
2023-03-30 00:24:49,224 [Worker-25: Building] INFO  o.e.m.c.i.embedder.EclipseLogger - skip non existing resourceDirectory /Users/eberechukwukathomas/Documents/Java-files/StudentRegistrationform/Student-Details-Portal/src/main/resources
2023-03-30 00:24:49,226 [Worker-25: Building] INFO  o.e.m.c.i.embedder.EclipseLogger - Using 'UTF-8' encoding to copy filtered resources.
2023-03-30 00:24:49,226 [Worker-25: Building] INFO  o.e.m.c.i.embedder.EclipseLogger - skip non existing resourceDirectory /Users/eberechukwukathomas/Documents/Java-files/StudentRegistrationform/Student-Details-Portal/src/test/resources
2023-03-30 00:24:50,384 [Worker-24: Building] INFO  o.e.m.c.i.embedder.EclipseLogger - Using 'UTF-8' encoding to copy filtered resources.
2023-03-30 00:24:50,384 [Worker-24: Building] INFO  o.e.m.c.i.embedder.EclipseLogger - skip non existing resourceDirectory /Users/eberechukwukathomas/Documents/Java-files/StudentRegistrationform/Student-Details-Portal/src/main/resources
2023-03-30 00:24:50,387 [Worker-24: Building] INFO  o.e.m.c.i.embedder.EclipseLogger - Using 'UTF-8' encoding to copy filtered resources.
2023-03-30 00:24:50,388 [Worker-24: Building] INFO  o.e.m.c.i.embedder.EclipseLogger - skip non existing resourceDirectory /Users/eberechukwukathomas/Documents/Java-files/StudentRegistrationform/Student-Details-Portal/src/test/resources
2023-03-30 00:25:10,473 [Worker-25: Building] INFO  o.e.m.c.i.embedder.EclipseLogger - Using 'UTF-8' encoding to copy filtered resources.
2023-03-30 00:25:10,474 [Worker-25: Building] INFO  o.e.m.c.i.embedder.EclipseLogger - skip non existing resourceDirectory /Users/eberechukwukathomas/Documents/Java-files/StudentRegistrationform/Student-Details-Portal/src/main/resources
2023-03-30 00:25:10,477 [Worker-25: Building] INFO  o.e.m.c.i.embedder.EclipseLogger - Using 'UTF-8' encoding to copy filtered resources.
2023-03-30 00:25:10,477 [Worker-25: Building] INFO  o.e.m.c.i.embedder.EclipseLogger - skip non existing resourceDirectory /Users/eberechukwukathomas/Documents/Java-files/StudentRegistrationform/Student-Details-Portal/src/test/resources
2023-03-30 00:26:51,858 [Worker-26: Building] INFO  o.e.m.c.i.l.LifecycleMappingFactory - Using org.eclipse.m2e.jdt.JarLifecycleMapping lifecycle mapping for MavenProject: student:Student-Details-Portal:0.0.1-SNAPSHOT @ /Users/eberechukwukathomas/Documents/Java-files/StudentRegistrationform/Student-Details-Portal/pom.xml.
2023-03-30 00:26:52,253 [Worker-26: Building] INFO  o.e.m.c.i.embedder.EclipseLogger - Using 'UTF-8' encoding to copy filtered resources.
2023-03-30 00:26:52,253 [Worker-26: Building] INFO  o.e.m.c.i.embedder.EclipseLogger - skip non existing resourceDirectory /Users/eberechukwukathomas/Documents/Java-files/StudentRegistrationform/Student-Details-Portal/src/main/resources
2023-03-30 00:26:52,256 [Worker-26: Building] INFO  o.e.m.c.i.embedder.EclipseLogger - Using 'UTF-8' encoding to copy filtered resources.
2023-03-30 00:26:52,256 [Worker-26: Building] INFO  o.e.m.c.i.embedder.EclipseLogger - skip non existing resourceDirectory /Users/eberechukwukathomas/Documents/Java-files/StudentRegistrationform/Student-Details-Portal/src/test/resources
2023-03-30 00:27:57,002 [Worker-32: Building] INFO  o.e.m.c.i.embedder.EclipseLogger - Using 'UTF-8' encoding to copy filtered resources.
2023-03-30 00:27:57,003 [Worker-32: Building] INFO  o.e.m.c.i.embedder.EclipseLogger - skip non existing resourceDirectory /Users/eberechukwukathomas/Documents/Java-files/StudentRegistrationform/Student-Details-Portal/src/main/resources
2023-03-30 00:27:57,005 [Worker-32: Building] INFO  o.e.m.c.i.embedder.EclipseLogger - Using 'UTF-8' encoding to copy filtered resources.
2023-03-30 00:27:57,005 [Worker-32: Building] INFO  o.e.m.c.i.embedder.EclipseLogger - skip non existing resourceDirectory /Users/eberechukwukathomas/Documents/Java-files/StudentRegistrationform/Student-Details-Portal/src/test/resources
2023-03-30 00:28:47,101 [Worker-30: Building] INFO  o.e.m.c.i.embedder.EclipseLogger - Using 'UTF-8' encoding to copy filtered resources.
2023-03-30 00:28:47,103 [Worker-30: Building] INFO  o.e.m.c.i.embedder.EclipseLogger - skip non existing resourceDirectory /Users/eberechukwukathomas/Documents/Java-files/StudentRegistrationform/Student-Details-Portal/src/main/resources
2023-03-30 00:28:47,105 [Worker-30: Building] INFO  o.e.m.c.i.embedder.EclipseLogger - Using 'UTF-8' encoding to copy filtered resources.
2023-03-30 00:28:47,106 [Worker-30: Building] INFO  o.e.m.c.i.embedder.EclipseLogger - skip non existing resourceDirectory /Users/eberechukwukathomas/Documents/Java-files/StudentRegistrationform/Student-Details-Portal/src/test/resources
2023-03-30 00:29:05,403 [Worker-30: Building] INFO  o.e.m.c.i.embedder.EclipseLogger - Using 'UTF-8' encoding to copy filtered resources.
2023-03-30 00:29:05,447 [Worker-30: Building] INFO  o.e.m.c.i.embedder.EclipseLogger - skip non existing resourceDirectory /Users/eberechukwukathomas/Documents/Java-files/StudentRegistrationform/Student-Details-Portal/src/main/resources
2023-03-30 00:29:05,451 [Worker-30: Building] INFO  o.e.m.c.i.embedder.EclipseLogger - Using 'UTF-8' encoding to copy filtered resources.
2023-03-30 00:29:05,451 [Worker-30: Building] INFO  o.e.m.c.i.embedder.EclipseLogger - skip non existing resourceDirectory /Users/eberechukwukathomas/Documents/Java-files/StudentRegistrationform/Student-Details-Portal/src/test/resources
2023-03-30 00:38:20,758 [Worker-31: Updating Maven Project] INFO  o.e.m.c.i.p.ProjectConfigurationManager - Update started
2023-03-30 00:38:21,153 [Worker-31: Updating Maven Project] INFO  o.e.m.c.i.l.LifecycleMappingFactory - Using org.eclipse.m2e.jdt.JarLifecycleMapping lifecycle mapping for MavenProject: student:Student-Details-Portal:0.0.1-SNAPSHOT @ /Users/eberechukwukathomas/Documents/Java-files/StudentRegistrationform/Student-Details-Portal/pom.xml.
2023-03-30 00:38:21,470 [Worker-31: Updating Maven Project] INFO  o.e.m.j.i.AbstractJavaProjectConfigurator - Adding source folder /Student-Details-Portal/src/main/java
2023-03-30 00:38:21,472 [Worker-31: Updating Maven Project] INFO  o.e.m.j.i.AbstractJavaProjectConfigurator - Adding source folder /Student-Details-Portal/src/test/java
2023-03-30 00:38:21,605 [Worker-31: Updating Maven Project] INFO  o.e.m.c.i.p.ProjectConfigurationManager - Update completed for 1 poms: local refresh takes 0.00 sec, refresh facades takes 0.00 sec, update config takes 0.00 sec 
2023-03-30 00:38:21,809 [Worker-39: Building] INFO  o.e.m.c.i.embedder.EclipseLogger - Using 'UTF-8' encoding to copy filtered resources.
2023-03-30 00:38:21,809 [Worker-39: Building] INFO  o.e.m.c.i.embedder.EclipseLogger - skip non existing resourceDirectory /Users/eberechukwukathomas/Documents/Java-files/StudentRegistrationform/Student-Details-Portal/src/main/resources
2023-03-30 00:38:21,814 [Worker-39: Building] INFO  o.e.m.c.i.embedder.EclipseLogger - Using 'UTF-8' encoding to copy filtered resources.
2023-03-30 00:38:21,814 [Worker-39: Building] INFO  o.e.m.c.i.embedder.EclipseLogger - skip non existing resourceDirectory /Users/eberechukwukathomas/Documents/Java-files/StudentRegistrationform/Student-Details-Portal/src/test/resources
2023-03-30 00:39:19,623 [Worker-41: Building] INFO  o.e.m.c.i.embedder.EclipseLogger - Using 'UTF-8' encoding to copy filtered resources.
2023-03-30 00:39:19,624 [Worker-41: Building] INFO  o.e.m.c.i.embedder.EclipseLogger - skip non existing resourceDirectory /Users/eberechukwukathomas/Documents/Java-files/StudentRegistrationform/Student-Details-Portal/src/main/resources
2023-03-30 00:39:19,626 [Worker-41: Building] INFO  o.e.m.c.i.embedder.EclipseLogger - Using 'UTF-8' encoding to copy filtered resources.
2023-03-30 00:39:19,626 [Worker-41: Building] INFO  o.e.m.c.i.embedder.EclipseLogger - skip non existing resourceDirectory /Users/eberechukwukathomas/Documents/Java-files/StudentRegistrationform/Student-Details-Portal/src/test/resources
2023-03-30 00:39:27,387 [Worker-41: Building] INFO  o.e.m.c.i.embedder.EclipseLogger - Using 'UTF-8' encoding to copy filtered resources.
2023-03-30 00:39:27,387 [Worker-41: Building] INFO  o.e.m.c.i.embedder.EclipseLogger - skip non existing resourceDirectory /Users/eberechukwukathomas/Documents/Java-files/StudentRegistrationform/Student-Details-Portal/src/main/resources
2023-03-30 00:39:27,391 [Worker-41: Building] INFO  o.e.m.c.i.embedder.EclipseLogger - Using 'UTF-8' encoding to copy filtered resources.
2023-03-30 00:39:27,391 [Worker-41: Building] INFO  o.e.m.c.i.embedder.EclipseLogger - skip non existing resourceDirectory /Users/eberechukwukathomas/Documents/Java-files/StudentRegistrationform/Student-Details-Portal/src/test/resources
2023-03-30 00:39:48,751 [Worker-40: Building] INFO  o.e.m.c.i.l.LifecycleMappingFactory - Using org.eclipse.m2e.jdt.JarLifecycleMapping lifecycle mapping for MavenProject: student:Student-Details-Portal:0.0.1-SNAPSHOT @ /Users/eberechukwukathomas/Documents/Java-files/StudentRegistrationform/Student-Details-Portal/pom.xml.
2023-03-30 00:39:49,038 [Worker-40: Building] INFO  o.e.m.c.i.embedder.EclipseLogger - Using 'UTF-8' encoding to copy filtered resources.
2023-03-30 00:39:49,039 [Worker-40: Building] INFO  o.e.m.c.i.embedder.EclipseLogger - skip non existing resourceDirectory /Users/eberechukwukathomas/Documents/Java-files/StudentRegistrationform/Student-Details-Portal/src/main/resources
2023-03-30 00:39:49,041 [Worker-40: Building] INFO  o.e.m.c.i.embedder.EclipseLogger - Using 'UTF-8' encoding to copy filtered resources.
2023-03-30 00:39:49,041 [Worker-40: Building] INFO  o.e.m.c.i.embedder.EclipseLogger - skip non existing resourceDirectory /Users/eberechukwukathomas/Documents/Java-files/StudentRegistrationform/Student-Details-Portal/src/test/resources
2023-03-30 00:41:08,339 [Worker-40: Building] INFO  o.e.m.c.i.embedder.EclipseLogger - Using 'UTF-8' encoding to copy filtered resources.
2023-03-30 00:41:08,340 [Worker-40: Building] INFO  o.e.m.c.i.embedder.EclipseLogger - skip non existing resourceDirectory /Users/eberechukwukathomas/Documents/Java-files/StudentRegistrationform/Student-Details-Portal/src/main/resources
2023-03-30 00:41:08,341 [Worker-40: Building] INFO  o.e.m.c.i.embedder.EclipseLogger - Using 'UTF-8' encoding to copy filtered resources.
2023-03-30 00:41:08,341 [Worker-40: Building] INFO  o.e.m.c.i.embedder.EclipseLogger - skip non existing resourceDirectory /Users/eberechukwukathomas/Documents/Java-files/StudentRegistrationform/Student-Details-Portal/src/test/resources
2023-03-30 00:41:24,670 [Worker-39: Building Project Student-Details-Portal] INFO  o.e.m.c.i.embedder.EclipseLogger - Using 'UTF-8' encoding to copy filtered resources.
2023-03-30 00:41:24,670 [Worker-39: Building Project Student-Details-Portal] INFO  o.e.m.c.i.embedder.EclipseLogger - skip non existing resourceDirectory /Users/eberechukwukathomas/Documents/Java-files/StudentRegistrationform/Student-Details-Portal/src/main/resources
2023-03-30 00:41:24,672 [Worker-39: Building Project Student-Details-Portal] INFO  o.e.m.c.i.embedder.EclipseLogger - Using 'UTF-8' encoding to copy filtered resources.
2023-03-30 00:41:24,672 [Worker-39: Building Project Student-Details-Portal] INFO  o.e.m.c.i.embedder.EclipseLogger - skip non existing resourceDirectory /Users/eberechukwukathomas/Documents/Java-files/StudentRegistrationform/Student-Details-Portal/src/test/resources
2023-03-30 00:41:47,632 [Worker-34: Building] INFO  o.e.m.c.i.l.LifecycleMappingFactory - Using org.eclipse.m2e.jdt.JarLifecycleMapping lifecycle mapping for MavenProject: student:Student-Details-Portal:0.0.1-SNAPSHOT @ /Users/eberechukwukathomas/Documents/Java-files/StudentRegistrationform/Student-Details-Portal/pom.xml.
2023-03-30 00:41:47,834 [Worker-34: Building] INFO  o.e.m.c.i.embedder.EclipseLogger - Using 'UTF-8' encoding to copy filtered resources.
2023-03-30 00:41:47,834 [Worker-34: Building] INFO  o.e.m.c.i.embedder.EclipseLogger - skip non existing resourceDirectory /Users/eberechukwukathomas/Documents/Java-files/StudentRegistrationform/Student-Details-Portal/src/main/resources
2023-03-30 00:41:47,836 [Worker-34: Building] INFO  o.e.m.c.i.embedder.EclipseLogger - Using 'UTF-8' encoding to copy filtered resources.
2023-03-30 00:41:47,836 [Worker-34: Building] INFO  o.e.m.c.i.embedder.EclipseLogger - skip non existing resourceDirectory /Users/eberechukwukathomas/Documents/Java-files/StudentRegistrationform/Student-Details-Portal/src/test/resources
2023-03-30 00:42:11,419 [Worker-31: Updating Maven Project] INFO  o.e.m.c.i.p.ProjectConfigurationManager - Update started
2023-03-30 00:42:11,593 [Worker-31: Updating Maven Project] INFO  o.e.m.c.i.l.LifecycleMappingFactory - Using org.eclipse.m2e.jdt.JarLifecycleMapping lifecycle mapping for MavenProject: student:Student-Details-Portal:0.0.1-SNAPSHOT @ /Users/eberechukwukathomas/Documents/Java-files/StudentRegistrationform/Student-Details-Portal/pom.xml.
2023-03-30 00:42:11,772 [Worker-31: Updating Maven Project] INFO  o.e.m.j.i.AbstractJavaProjectConfigurator - Adding source folder /Student-Details-Portal/src/main/java
2023-03-30 00:42:11,772 [Worker-31: Updating Maven Project] INFO  o.e.m.j.i.AbstractJavaProjectConfigurator - Adding source folder /Student-Details-Portal/src/test/java
2023-03-30 00:42:11,908 [Worker-31: Updating Maven Project] INFO  o.e.m.c.i.p.ProjectConfigurationManager - Update completed for 1 poms: local refresh takes 0.00 sec, refresh facades takes 0.00 sec, update config takes 0.00 sec 
2023-03-30 00:42:12,125 [Worker-42: Building] INFO  o.e.m.c.i.embedder.EclipseLogger - Using 'UTF-8' encoding to copy filtered resources.
2023-03-30 00:42:12,126 [Worker-42: Building] INFO  o.e.m.c.i.embedder.EclipseLogger - skip non existing resourceDirectory /Users/eberechukwukathomas/Documents/Java-files/StudentRegistrationform/Student-Details-Portal/src/main/resources
2023-03-30 00:42:12,128 [Worker-42: Building] INFO  o.e.m.c.i.embedder.EclipseLogger - Using 'UTF-8' encoding to copy filtered resources.
2023-03-30 00:42:12,128 [Worker-42: Building] INFO  o.e.m.c.i.embedder.EclipseLogger - skip non existing resourceDirectory /Users/eberechukwukathomas/Documents/Java-files/StudentRegistrationform/Student-Details-Portal/src/test/resources
2023-03-30 00:42:23,227 [Worker-39: Updating Maven Project] INFO  o.e.m.c.i.p.ProjectConfigurationManager - Update started
2023-03-30 00:42:23,332 [Worker-39: Updating Maven Project] INFO  o.e.m.c.i.l.LifecycleMappingFactory - Using org.eclipse.m2e.jdt.JarLifecycleMapping lifecycle mapping for MavenProject: student:Student-Details-Portal:0.0.1-SNAPSHOT @ /Users/eberechukwukathomas/Documents/Java-files/StudentRegistrationform/Student-Details-Portal/pom.xml.
2023-03-30 00:42:23,440 [Worker-39: Updating Maven Project] INFO  o.e.m.j.i.AbstractJavaProjectConfigurator - Adding source folder /Student-Details-Portal/src/main/java
2023-03-30 00:42:23,440 [Worker-39: Updating Maven Project] INFO  o.e.m.j.i.AbstractJavaProjectConfigurator - Adding source folder /Student-Details-Portal/src/test/java
2023-03-30 00:42:23,504 [Worker-39: Updating Maven Project] INFO  o.e.m.c.i.p.ProjectConfigurationManager - Update completed for 1 poms: local refresh takes 0.00 sec, refresh facades takes 0.00 sec, update config takes 0.00 sec 
2023-03-30 00:42:23,637 [Worker-31: Building] INFO  o.e.m.c.i.embedder.EclipseLogger - Using 'UTF-8' encoding to copy filtered resources.
2023-03-30 00:42:23,637 [Worker-31: Building] INFO  o.e.m.c.i.embedder.EclipseLogger - skip non existing resourceDirectory /Users/eberechukwukathomas/Documents/Java-files/StudentRegistrationform/Student-Details-Portal/src/main/resources
2023-03-30 00:42:23,640 [Worker-31: Building] INFO  o.e.m.c.i.embedder.EclipseLogger - Using 'UTF-8' encoding to copy filtered resources.
2023-03-30 00:42:23,640 [Worker-31: Building] INFO  o.e.m.c.i.embedder.EclipseLogger - skip non existing resourceDirectory /Users/eberechukwukathomas/Documents/Java-files/StudentRegistrationform/Student-Details-Portal/src/test/resources
2023-03-30 00:42:32,690 [Worker-39: Launching Executing install in _Users_eberechukwukathomas_Documents_Java-files_StudentRegistrationform_Student-Details-Portal] INFO  o.e.m.i.launch.MavenLaunchDelegate - Run build in "/Users/eberechukwukathomas/Documents/Java-files/StudentRegistrationform/Student-Details-Portal":
2023-03-30 00:42:32,690 [Worker-39: Launching Executing install in _Users_eberechukwukathomas_Documents_Java-files_StudentRegistrationform_Student-Details-Portal] INFO  o.e.m.i.launch.MavenLaunchDelegate -  mvn  -B -Dstyle.color=always install
2023-03-30 00:44:38,872 [Worker-31: Building] INFO  o.e.m.c.i.embedder.EclipseLogger - Using 'UTF-8' encoding to copy filtered resources.
2023-03-30 00:44:38,876 [Worker-31: Building] INFO  o.e.m.c.i.embedder.EclipseLogger - skip non existing resourceDirectory /Users/eberechukwukathomas/Documents/Java-files/StudentRegistrationform/Student-Details-Portal/src/main/resources
2023-03-30 00:44:38,878 [Worker-31: Building] INFO  o.e.m.c.i.embedder.EclipseLogger - Using 'UTF-8' encoding to copy filtered resources.
2023-03-30 00:44:38,878 [Worker-31: Building] INFO  o.e.m.c.i.embedder.EclipseLogger - skip non existing resourceDirectory /Users/eberechukwukathomas/Documents/Java-files/StudentRegistrationform/Student-Details-Portal/src/test/resources
2023-03-30 00:44:53,115 [Worker-39: Building] INFO  o.e.m.c.i.embedder.EclipseLogger - Using 'UTF-8' encoding to copy filtered resources.
2023-03-30 00:44:53,115 [Worker-39: Building] INFO  o.e.m.c.i.embedder.EclipseLogger - skip non existing resourceDirectory /Users/eberechukwukathomas/Documents/Java-files/StudentRegistrationform/Student-Details-Portal/src/main/resources
2023-03-30 00:44:53,117 [Worker-39: Building] INFO  o.e.m.c.i.embedder.EclipseLogger - Using 'UTF-8' encoding to copy filtered resources.
2023-03-30 00:44:53,117 [Worker-39: Building] INFO  o.e.m.c.i.embedder.EclipseLogger - skip non existing resourceDirectory /Users/eberechukwukathomas/Documents/Java-files/StudentRegistrationform/Student-Details-Portal/src/test/resources
2023-03-30 00:46:48,838 [Worker-41: Updating Maven Project] INFO  o.e.m.c.i.p.ProjectConfigurationManager - Update started
2023-03-30 00:46:49,013 [Worker-41: Updating Maven Project] INFO  o.e.m.c.i.l.LifecycleMappingFactory - Using org.eclipse.m2e.jdt.JarLifecycleMapping lifecycle mapping for MavenProject: student:Student-Details-Portal:0.0.1-SNAPSHOT @ /Users/eberechukwukathomas/Documents/Java-files/StudentRegistrationform/Student-Details-Portal/pom.xml.
2023-03-30 00:46:49,271 [Worker-41: Updating Maven Project] INFO  o.e.m.j.i.AbstractJavaProjectConfigurator - Adding source folder /Student-Details-Portal/src/main/java
2023-03-30 00:46:49,271 [Worker-41: Updating Maven Project] INFO  o.e.m.j.i.AbstractJavaProjectConfigurator - Adding source folder /Student-Details-Portal/src/test/java
2023-03-30 00:46:49,329 [Worker-41: Updating Maven Project] INFO  o.e.m.c.i.p.ProjectConfigurationManager - Update completed for 1 poms: local refresh takes 0.00 sec, refresh facades takes 0.00 sec, update config takes 0.00 sec 
2023-03-30 00:46:49,504 [Worker-34: Building] INFO  o.e.m.c.i.embedder.EclipseLogger - Using 'UTF-8' encoding to copy filtered resources.
2023-03-30 00:46:49,504 [Worker-34: Building] INFO  o.e.m.c.i.embedder.EclipseLogger - skip non existing resourceDirectory /Users/eberechukwukathomas/Documents/Java-files/StudentRegistrationform/Student-Details-Portal/src/main/resources
2023-03-30 00:46:49,507 [Worker-34: Building] INFO  o.e.m.c.i.embedder.EclipseLogger - Using 'UTF-8' encoding to copy filtered resources.
2023-03-30 00:46:49,507 [Worker-34: Building] INFO  o.e.m.c.i.embedder.EclipseLogger - skip non existing resourceDirectory /Users/eberechukwukathomas/Documents/Java-files/StudentRegistrationform/Student-Details-Portal/src/test/resources
2023-03-30 00:46:56,862 [Worker-31: Launching Executing install in _Users_eberechukwukathomas_Documents_Java-files_StudentRegistrationform_Student-Details-Portal] INFO  o.e.m.i.launch.MavenLaunchDelegate - Run build in "/Users/eberechukwukathomas/Documents/Java-files/StudentRegistrationform/Student-Details-Portal":
2023-03-30 00:46:56,862 [Worker-31: Launching Executing install in _Users_eberechukwukathomas_Documents_Java-files_StudentRegistrationform_Student-Details-Portal] INFO  o.e.m.i.launch.MavenLaunchDelegate -  mvn  -B -Dstyle.color=always install
2023-03-30 00:47:27,747 [Worker-43: Building] INFO  o.e.m.c.i.embedder.EclipseLogger - Using 'UTF-8' encoding to copy filtered resources.
2023-03-30 00:47:27,748 [Worker-43: Building] INFO  o.e.m.c.i.embedder.EclipseLogger - skip non existing resourceDirectory /Users/eberechukwukathomas/Documents/Java-files/StudentRegistrationform/Student-Details-Portal/src/main/resources
2023-03-30 00:47:27,750 [Worker-43: Building] INFO  o.e.m.c.i.embedder.EclipseLogger - Using 'UTF-8' encoding to copy filtered resources.
2023-03-30 00:47:27,750 [Worker-43: Building] INFO  o.e.m.c.i.embedder.EclipseLogger - skip non existing resourceDirectory /Users/eberechukwukathomas/Documents/Java-files/StudentRegistrationform/Student-Details-Portal/src/test/resources
2023-03-30 00:47:40,208 [Worker-43: Building] INFO  o.e.m.c.i.embedder.EclipseLogger - Using 'UTF-8' encoding to copy filtered resources.
2023-03-30 00:47:40,209 [Worker-43: Building] INFO  o.e.m.c.i.embedder.EclipseLogger - skip non existing resourceDirectory /Users/eberechukwukathomas/Documents/Java-files/StudentRegistrationform/Student-Details-Portal/src/main/resources
2023-03-30 00:47:40,211 [Worker-43: Building] INFO  o.e.m.c.i.embedder.EclipseLogger - Using 'UTF-8' encoding to copy filtered resources.
2023-03-30 00:47:40,211 [Worker-43: Building] INFO  o.e.m.c.i.embedder.EclipseLogger - skip non existing resourceDirectory /Users/eberechukwukathomas/Documents/Java-files/StudentRegistrationform/Student-Details-Portal/src/test/resources
2023-03-30 00:48:52,561 [Worker-34: Building] INFO  o.e.m.c.i.embedder.EclipseLogger - Using 'UTF-8' encoding to copy filtered resources.
2023-03-30 00:48:52,562 [Worker-34: Building] INFO  o.e.m.c.i.embedder.EclipseLogger - skip non existing resourceDirectory /Users/eberechukwukathomas/Documents/Java-files/StudentRegistrationform/Student-Details-Portal/src/main/resources
2023-03-30 00:48:52,564 [Worker-34: Building] INFO  o.e.m.c.i.embedder.EclipseLogger - Using 'UTF-8' encoding to copy filtered resources.
2023-03-30 00:48:52,564 [Worker-34: Building] INFO  o.e.m.c.i.embedder.EclipseLogger - skip non existing resourceDirectory /Users/eberechukwukathomas/Documents/Java-files/StudentRegistrationform/Student-Details-Portal/src/test/resources
2023-03-30 00:49:09,914 [Worker-34: Building] INFO  o.e.m.c.i.embedder.EclipseLogger - Using 'UTF-8' encoding to copy filtered resources.
2023-03-30 00:49:09,914 [Worker-34: Building] INFO  o.e.m.c.i.embedder.EclipseLogger - skip non existing resourceDirectory /Users/eberechukwukathomas/Documents/Java-files/StudentRegistrationform/Student-Details-Portal/src/main/resources
2023-03-30 00:49:09,917 [Worker-34: Building] INFO  o.e.m.c.i.embedder.EclipseLogger - Using 'UTF-8' encoding to copy filtered resources.
2023-03-30 00:49:09,917 [Worker-34: Building] INFO  o.e.m.c.i.embedder.EclipseLogger - skip non existing resourceDirectory /Users/eberechukwukathomas/Documents/Java-files/StudentRegistrationform/Student-Details-Portal/src/test/resources
2023-03-30 00:49:23,387 [Worker-39: Building] INFO  o.e.m.c.i.embedder.EclipseLogger - Using 'UTF-8' encoding to copy filtered resources.
2023-03-30 00:49:23,388 [Worker-39: Building] INFO  o.e.m.c.i.embedder.EclipseLogger - skip non existing resourceDirectory /Users/eberechukwukathomas/Documents/Java-files/StudentRegistrationform/Student-Details-Portal/src/main/resources
2023-03-30 00:49:23,389 [Worker-39: Building] INFO  o.e.m.c.i.embedder.EclipseLogger - Using 'UTF-8' encoding to copy filtered resources.
2023-03-30 00:49:23,389 [Worker-39: Building] INFO  o.e.m.c.i.embedder.EclipseLogger - skip non existing resourceDirectory /Users/eberechukwukathomas/Documents/Java-files/StudentRegistrationform/Student-Details-Portal/src/test/resources
2023-03-30 00:49:55,605 [Worker-42: Building] INFO  o.e.m.c.i.embedder.EclipseLogger - Using 'UTF-8' encoding to copy filtered resources.
2023-03-30 00:49:55,605 [Worker-42: Building] INFO  o.e.m.c.i.embedder.EclipseLogger - skip non existing resourceDirectory /Users/eberechukwukathomas/Documents/Java-files/StudentRegistrationform/Student-Details-Portal/src/main/resources
2023-03-30 00:49:55,607 [Worker-42: Building] INFO  o.e.m.c.i.embedder.EclipseLogger - Using 'UTF-8' encoding to copy filtered resources.
2023-03-30 00:49:55,607 [Worker-42: Building] INFO  o.e.m.c.i.embedder.EclipseLogger - skip non existing resourceDirectory /Users/eberechukwukathomas/Documents/Java-files/StudentRegistrationform/Student-Details-Portal/src/test/resources
2023-03-30 00:50:18,128 [Worker-41: Building] INFO  o.e.m.c.i.embedder.EclipseLogger - Using 'UTF-8' encoding to copy filtered resources.
2023-03-30 00:50:18,128 [Worker-41: Building] INFO  o.e.m.c.i.embedder.EclipseLogger - skip non existing resourceDirectory /Users/eberechukwukathomas/Documents/Java-files/StudentRegistrationform/Student-Details-Portal/src/main/resources
2023-03-30 00:50:18,129 [Worker-41: Building] INFO  o.e.m.c.i.embedder.EclipseLogger - Using 'UTF-8' encoding to copy filtered resources.
2023-03-30 00:50:18,129 [Worker-41: Building] INFO  o.e.m.c.i.embedder.EclipseLogger - skip non existing resourceDirectory /Users/eberechukwukathomas/Documents/Java-files/StudentRegistrationform/Student-Details-Portal/src/test/resources
2023-03-30 00:51:53,926 [Worker-34: Building] INFO  o.e.m.c.i.embedder.EclipseLogger - Using 'UTF-8' encoding to copy filtered resources.
2023-03-30 00:51:53,927 [Worker-34: Building] INFO  o.e.m.c.i.embedder.EclipseLogger - skip non existing resourceDirectory /Users/eberechukwukathomas/Documents/Java-files/StudentRegistrationform/Student-Details-Portal/src/main/resources
2023-03-30 00:51:53,930 [Worker-34: Building] INFO  o.e.m.c.i.embedder.EclipseLogger - Using 'UTF-8' encoding to copy filtered resources.
2023-03-30 00:51:53,930 [Worker-34: Building] INFO  o.e.m.c.i.embedder.EclipseLogger - skip non existing resourceDirectory /Users/eberechukwukathomas/Documents/Java-files/StudentRegistrationform/Student-Details-Portal/src/test/resources
2023-03-30 00:51:59,330 [Worker-31: Building] INFO  o.e.m.c.i.embedder.EclipseLogger - Using 'UTF-8' encoding to copy filtered resources.
2023-03-30 00:51:59,330 [Worker-31: Building] INFO  o.e.m.c.i.embedder.EclipseLogger - skip non existing resourceDirectory /Users/eberechukwukathomas/Documents/Java-files/StudentRegistrationform/Student-Details-Portal/src/main/resources
2023-03-30 00:51:59,332 [Worker-31: Building] INFO  o.e.m.c.i.embedder.EclipseLogger - Using 'UTF-8' encoding to copy filtered resources.
2023-03-30 00:51:59,332 [Worker-31: Building] INFO  o.e.m.c.i.embedder.EclipseLogger - skip non existing resourceDirectory /Users/eberechukwukathomas/Documents/Java-files/StudentRegistrationform/Student-Details-Portal/src/test/resources
2023-03-30 00:52:48,655 [Worker-31: Building] INFO  o.e.m.c.i.embedder.EclipseLogger - Using 'UTF-8' encoding to copy filtered resources.
2023-03-30 00:52:48,661 [Worker-31: Building] INFO  o.e.m.c.i.embedder.EclipseLogger - skip non existing resourceDirectory /Users/eberechukwukathomas/Documents/Java-files/StudentRegistrationform/Student-Details-Portal/src/main/resources
2023-03-30 00:52:48,664 [Worker-31: Building] INFO  o.e.m.c.i.embedder.EclipseLogger - Using 'UTF-8' encoding to copy filtered resources.
2023-03-30 00:52:48,664 [Worker-31: Building] INFO  o.e.m.c.i.embedder.EclipseLogger - skip non existing resourceDirectory /Users/eberechukwukathomas/Documents/Java-files/StudentRegistrationform/Student-Details-Portal/src/test/resources
2023-03-30 00:54:47,372 [Worker-38: Building] INFO  o.e.m.c.i.embedder.EclipseLogger - Using 'UTF-8' encoding to copy filtered resources.
2023-03-30 00:54:47,374 [Worker-38: Building] INFO  o.e.m.c.i.embedder.EclipseLogger - skip non existing resourceDirectory /Users/eberechukwukathomas/Documents/Java-files/StudentRegistrationform/Student-Details-Portal/src/main/resources
2023-03-30 00:54:47,378 [Worker-38: Building] INFO  o.e.m.c.i.embedder.EclipseLogger - Using 'UTF-8' encoding to copy filtered resources.
2023-03-30 00:54:47,378 [Worker-38: Building] INFO  o.e.m.c.i.embedder.EclipseLogger - skip non existing resourceDirectory /Users/eberechukwukathomas/Documents/Java-files/StudentRegistrationform/Student-Details-Portal/src/test/resources
2023-03-30 01:04:23,614 [Worker-40: Building] INFO  o.e.m.c.i.embedder.EclipseLogger - Using 'UTF-8' encoding to copy filtered resources.
2023-03-30 01:04:23,615 [Worker-40: Building] INFO  o.e.m.c.i.embedder.EclipseLogger - skip non existing resourceDirectory /Users/eberechukwukathomas/Documents/Java-files/StudentRegistrationform/Student-Details-Portal/src/main/resources
2023-03-30 01:04:23,617 [Worker-40: Building] INFO  o.e.m.c.i.embedder.EclipseLogger - Using 'UTF-8' encoding to copy filtered resources.
2023-03-30 01:04:23,617 [Worker-40: Building] INFO  o.e.m.c.i.embedder.EclipseLogger - skip non existing resourceDirectory /Users/eberechukwukathomas/Documents/Java-files/StudentRegistrationform/Student-Details-Portal/src/test/resources
2023-03-30 01:07:34,184 [Worker-40: Building] INFO  o.e.m.c.i.embedder.EclipseLogger - Using 'UTF-8' encoding to copy filtered resources.
2023-03-30 01:07:34,185 [Worker-40: Building] INFO  o.e.m.c.i.embedder.EclipseLogger - skip non existing resourceDirectory /Users/eberechukwukathomas/Documents/Java-files/StudentRegistrationform/Student-Details-Portal/src/main/resources
2023-03-30 01:07:34,187 [Worker-40: Building] INFO  o.e.m.c.i.embedder.EclipseLogger - Using 'UTF-8' encoding to copy filtered resources.
2023-03-30 01:07:34,187 [Worker-40: Building] INFO  o.e.m.c.i.embedder.EclipseLogger - skip non existing resourceDirectory /Users/eberechukwukathomas/Documents/Java-files/StudentRegistrationform/Student-Details-Portal/src/test/resources
2023-03-30 01:14:33,948 [Worker-31: Building] INFO  o.e.m.c.i.embedder.EclipseLogger - Using 'UTF-8' encoding to copy filtered resources.
2023-03-30 01:14:33,950 [Worker-31: Building] INFO  o.e.m.c.i.embedder.EclipseLogger - skip non existing resourceDirectory /Users/eberechukwukathomas/Documents/Java-files/StudentRegistrationform/Student-Details-Portal/src/main/resources
2023-03-30 01:14:33,952 [Worker-31: Building] INFO  o.e.m.c.i.embedder.EclipseLogger - Using 'UTF-8' encoding to copy filtered resources.
2023-03-30 01:14:33,952 [Worker-31: Building] INFO  o.e.m.c.i.embedder.EclipseLogger - skip non existing resourceDirectory /Users/eberechukwukathomas/Documents/Java-files/StudentRegistrationform/Student-Details-Portal/src/test/resources
2023-03-30 01:14:46,635 [Worker-44: Building] INFO  o.e.m.c.i.embedder.EclipseLogger - Using 'UTF-8' encoding to copy filtered resources.
2023-03-30 01:14:46,635 [Worker-44: Building] INFO  o.e.m.c.i.embedder.EclipseLogger - skip non existing resourceDirectory /Users/eberechukwukathomas/Documents/Java-files/StudentRegistrationform/Student-Details-Portal/src/main/resources
2023-03-30 01:14:46,637 [Worker-44: Building] INFO  o.e.m.c.i.embedder.EclipseLogger - Using 'UTF-8' encoding to copy filtered resources.
2023-03-30 01:14:46,637 [Worker-44: Building] INFO  o.e.m.c.i.embedder.EclipseLogger - skip non existing resourceDirectory /Users/eberechukwukathomas/Documents/Java-files/StudentRegistrationform/Student-Details-Portal/src/test/resources
2023-03-30 01:14:53,969 [Worker-45: Building] INFO  o.e.m.c.i.embedder.EclipseLogger - Using 'UTF-8' encoding to copy filtered resources.
2023-03-30 01:14:53,970 [Worker-45: Building] INFO  o.e.m.c.i.embedder.EclipseLogger - skip non existing resourceDirectory /Users/eberechukwukathomas/Documents/Java-files/StudentRegistrationform/Student-Details-Portal/src/main/resources
2023-03-30 01:14:53,972 [Worker-45: Building] INFO  o.e.m.c.i.embedder.EclipseLogger - Using 'UTF-8' encoding to copy filtered resources.
2023-03-30 01:14:53,972 [Worker-45: Building] INFO  o.e.m.c.i.embedder.EclipseLogger - skip non existing resourceDirectory /Users/eberechukwukathomas/Documents/Java-files/StudentRegistrationform/Student-Details-Portal/src/test/resources
2023-03-30 01:20:01,348 [Worker-45: Building] INFO  o.e.m.c.i.embedder.EclipseLogger - Using 'UTF-8' encoding to copy filtered resources.
2023-03-30 01:20:01,350 [Worker-45: Building] INFO  o.e.m.c.i.embedder.EclipseLogger - skip non existing resourceDirectory /Users/eberechukwukathomas/Documents/Java-files/StudentRegistrationform/Student-Details-Portal/src/main/resources
2023-03-30 01:20:01,372 [Worker-45: Building] INFO  o.e.m.c.i.embedder.EclipseLogger - Using 'UTF-8' encoding to copy filtered resources.
2023-03-30 01:20:01,373 [Worker-45: Building] INFO  o.e.m.c.i.embedder.EclipseLogger - skip non existing resourceDirectory /Users/eberechukwukathomas/Documents/Java-files/StudentRegistrationform/Student-Details-Portal/src/test/resources
2023-03-30 01:23:19,612 [Worker-51: Building] INFO  o.e.m.c.i.embedder.EclipseLogger - Using 'UTF-8' encoding to copy filtered resources.
2023-03-30 01:23:19,613 [Worker-51: Building] INFO  o.e.m.c.i.embedder.EclipseLogger - skip non existing resourceDirectory /Users/eberechukwukathomas/Documents/Java-files/StudentRegistrationform/Student-Details-Portal/src/main/resources
2023-03-30 01:23:19,615 [Worker-51: Building] INFO  o.e.m.c.i.embedder.EclipseLogger - Using 'UTF-8' encoding to copy filtered resources.
2023-03-30 01:23:19,615 [Worker-51: Building] INFO  o.e.m.c.i.embedder.EclipseLogger - skip non existing resourceDirectory /Users/eberechukwukathomas/Documents/Java-files/StudentRegistrationform/Student-Details-Portal/src/test/resources
2023-03-30 01:28:48,010 [Worker-53: Building] INFO  o.e.m.c.i.embedder.EclipseLogger - Using 'UTF-8' encoding to copy filtered resources.
2023-03-30 01:28:48,014 [Worker-53: Building] INFO  o.e.m.c.i.embedder.EclipseLogger - skip non existing resourceDirectory /Users/eberechukwukathomas/Documents/Java-files/StudentRegistrationform/Student-Details-Portal/src/main/resources
2023-03-30 01:28:48,020 [Worker-53: Building] INFO  o.e.m.c.i.embedder.EclipseLogger - Using 'UTF-8' encoding to copy filtered resources.
2023-03-30 01:28:48,020 [Worker-53: Building] INFO  o.e.m.c.i.embedder.EclipseLogger - skip non existing resourceDirectory /Users/eberechukwukathomas/Documents/Java-files/StudentRegistrationform/Student-Details-Portal/src/test/resources
2023-03-30 01:29:21,642 [Worker-56: Building] INFO  o.e.m.c.i.embedder.EclipseLogger - Using 'UTF-8' encoding to copy filtered resources.
2023-03-30 01:29:21,643 [Worker-56: Building] INFO  o.e.m.c.i.embedder.EclipseLogger - skip non existing resourceDirectory /Users/eberechukwukathomas/Documents/Java-files/StudentRegistrationform/Student-Details-Portal/src/main/resources
2023-03-30 01:29:21,645 [Worker-56: Building] INFO  o.e.m.c.i.embedder.EclipseLogger - Using 'UTF-8' encoding to copy filtered resources.
2023-03-30 01:29:21,645 [Worker-56: Building] INFO  o.e.m.c.i.embedder.EclipseLogger - skip non existing resourceDirectory /Users/eberechukwukathomas/Documents/Java-files/StudentRegistrationform/Student-Details-Portal/src/test/resources
2023-03-30 01:29:32,858 [Worker-53: Building] INFO  o.e.m.c.i.embedder.EclipseLogger - Using 'UTF-8' encoding to copy filtered resources.
2023-03-30 01:29:32,858 [Worker-53: Building] INFO  o.e.m.c.i.embedder.EclipseLogger - skip non existing resourceDirectory /Users/eberechukwukathomas/Documents/Java-files/StudentRegistrationform/Student-Details-Portal/src/main/resources
2023-03-30 01:29:32,861 [Worker-53: Building] INFO  o.e.m.c.i.embedder.EclipseLogger - Using 'UTF-8' encoding to copy filtered resources.
2023-03-30 01:29:32,861 [Worker-53: Building] INFO  o.e.m.c.i.embedder.EclipseLogger - skip non existing resourceDirectory /Users/eberechukwukathomas/Documents/Java-files/StudentRegistrationform/Student-Details-Portal/src/test/resources
2023-03-30 01:34:14,257 [Worker-53: Building] INFO  o.e.m.c.i.embedder.EclipseLogger - Using 'UTF-8' encoding to copy filtered resources.
2023-03-30 01:34:14,259 [Worker-53: Building] INFO  o.e.m.c.i.embedder.EclipseLogger - skip non existing resourceDirectory /Users/eberechukwukathomas/Documents/Java-files/StudentRegistrationform/Student-Details-Portal/src/main/resources
2023-03-30 01:34:14,261 [Worker-53: Building] INFO  o.e.m.c.i.embedder.EclipseLogger - Using 'UTF-8' encoding to copy filtered resources.
2023-03-30 01:34:14,261 [Worker-53: Building] INFO  o.e.m.c.i.embedder.EclipseLogger - skip non existing resourceDirectory /Users/eberechukwukathomas/Documents/Java-files/StudentRegistrationform/Student-Details-Portal/src/test/resources
2023-03-30 01:36:20,403 [Worker-50: Building] INFO  o.e.m.c.i.embedder.EclipseLogger - Using 'UTF-8' encoding to copy filtered resources.
2023-03-30 01:36:20,405 [Worker-50: Building] INFO  o.e.m.c.i.embedder.EclipseLogger - skip non existing resourceDirectory /Users/eberechukwukathomas/Documents/Java-files/StudentRegistrationform/Student-Details-Portal/src/main/resources
2023-03-30 01:36:20,410 [Worker-50: Building] INFO  o.e.m.c.i.embedder.EclipseLogger - Using 'UTF-8' encoding to copy filtered resources.
2023-03-30 01:36:20,410 [Worker-50: Building] INFO  o.e.m.c.i.embedder.EclipseLogger - skip non existing resourceDirectory /Users/eberechukwukathomas/Documents/Java-files/StudentRegistrationform/Student-Details-Portal/src/test/resources
2023-03-30 01:39:57,081 [Worker-50: Building] INFO  o.e.m.c.i.embedder.EclipseLogger - Using 'UTF-8' encoding to copy filtered resources.
2023-03-30 01:39:57,083 [Worker-50: Building] INFO  o.e.m.c.i.embedder.EclipseLogger - skip non existing resourceDirectory /Users/eberechukwukathomas/Documents/Java-files/StudentRegistrationform/Student-Details-Portal/src/main/resources
2023-03-30 01:39:57,089 [Worker-50: Building] INFO  o.e.m.c.i.embedder.EclipseLogger - Using 'UTF-8' encoding to copy filtered resources.
2023-03-30 01:39:57,089 [Worker-50: Building] INFO  o.e.m.c.i.embedder.EclipseLogger - skip non existing resourceDirectory /Users/eberechukwukathomas/Documents/Java-files/StudentRegistrationform/Student-Details-Portal/src/test/resources
2023-03-30 01:39:59,171 [Worker-50: Building] INFO  o.e.m.c.i.embedder.EclipseLogger - Using 'UTF-8' encoding to copy filtered resources.
2023-03-30 01:39:59,171 [Worker-50: Building] INFO  o.e.m.c.i.embedder.EclipseLogger - skip non existing resourceDirectory /Users/eberechukwukathomas/Documents/Java-files/StudentRegistrationform/Student-Details-Portal/src/main/resources
2023-03-30 01:39:59,173 [Worker-50: Building] INFO  o.e.m.c.i.embedder.EclipseLogger - Using 'UTF-8' encoding to copy filtered resources.
2023-03-30 01:39:59,173 [Worker-50: Building] INFO  o.e.m.c.i.embedder.EclipseLogger - skip non existing resourceDirectory /Users/eberechukwukathomas/Documents/Java-files/StudentRegistrationform/Student-Details-Portal/src/test/resources
2023-03-30 01:40:01,843 [Worker-59: Building] INFO  o.e.m.c.i.embedder.EclipseLogger - Using 'UTF-8' encoding to copy filtered resources.
2023-03-30 01:40:01,844 [Worker-59: Building] INFO  o.e.m.c.i.embedder.EclipseLogger - skip non existing resourceDirectory /Users/eberechukwukathomas/Documents/Java-files/StudentRegistrationform/Student-Details-Portal/src/main/resources
2023-03-30 01:40:01,846 [Worker-59: Building] INFO  o.e.m.c.i.embedder.EclipseLogger - Using 'UTF-8' encoding to copy filtered resources.
2023-03-30 01:40:01,847 [Worker-59: Building] INFO  o.e.m.c.i.embedder.EclipseLogger - skip non existing resourceDirectory /Users/eberechukwukathomas/Documents/Java-files/StudentRegistrationform/Student-Details-Portal/src/test/resources
2023-03-30 01:42:27,447 [Worker-56: Building] INFO  o.e.m.c.i.embedder.EclipseLogger - Using 'UTF-8' encoding to copy filtered resources.
2023-03-30 01:42:27,449 [Worker-56: Building] INFO  o.e.m.c.i.embedder.EclipseLogger - skip non existing resourceDirectory /Users/eberechukwukathomas/Documents/Java-files/StudentRegistrationform/Student-Details-Portal/src/main/resources
2023-03-30 01:42:27,452 [Worker-56: Building] INFO  o.e.m.c.i.embedder.EclipseLogger - Using 'UTF-8' encoding to copy filtered resources.
2023-03-30 01:42:27,456 [Worker-56: Building] INFO  o.e.m.c.i.embedder.EclipseLogger - skip non existing resourceDirectory /Users/eberechukwukathomas/Documents/Java-files/StudentRegistrationform/Student-Details-Portal/src/test/resources
2023-03-30 01:46:02,122 [Worker-63: Building] INFO  o.e.m.c.i.embedder.EclipseLogger - Using 'UTF-8' encoding to copy filtered resources.
2023-03-30 01:46:02,124 [Worker-63: Building] INFO  o.e.m.c.i.embedder.EclipseLogger - skip non existing resourceDirectory /Users/eberechukwukathomas/Documents/Java-files/StudentRegistrationform/Student-Details-Portal/src/main/resources
2023-03-30 01:46:02,128 [Worker-63: Building] INFO  o.e.m.c.i.embedder.EclipseLogger - Using 'UTF-8' encoding to copy filtered resources.
2023-03-30 01:46:02,130 [Worker-63: Building] INFO  o.e.m.c.i.embedder.EclipseLogger - skip non existing resourceDirectory /Users/eberechukwukathomas/Documents/Java-files/StudentRegistrationform/Student-Details-Portal/src/test/resources
2023-03-30 01:52:43,441 [Worker-70: Building] INFO  o.e.m.c.i.embedder.EclipseLogger - Using 'UTF-8' encoding to copy filtered resources.
2023-03-30 01:52:43,445 [Worker-70: Building] INFO  o.e.m.c.i.embedder.EclipseLogger - skip non existing resourceDirectory /Users/eberechukwukathomas/Documents/Java-files/StudentRegistrationform/Student-Details-Portal/src/main/resources
2023-03-30 01:52:43,448 [Worker-70: Building] INFO  o.e.m.c.i.embedder.EclipseLogger - Using 'UTF-8' encoding to copy filtered resources.
2023-03-30 01:52:43,448 [Worker-70: Building] INFO  o.e.m.c.i.embedder.EclipseLogger - skip non existing resourceDirectory /Users/eberechukwukathomas/Documents/Java-files/StudentRegistrationform/Student-Details-Portal/src/test/resources
2023-03-30 01:52:46,242 [Worker-72: Building] INFO  o.e.m.c.i.embedder.EclipseLogger - Using 'UTF-8' encoding to copy filtered resources.
2023-03-30 01:52:46,242 [Worker-72: Building] INFO  o.e.m.c.i.embedder.EclipseLogger - skip non existing resourceDirectory /Users/eberechukwukathomas/Documents/Java-files/StudentRegistrationform/Student-Details-Portal/src/main/resources
2023-03-30 01:52:46,243 [Worker-72: Building] INFO  o.e.m.c.i.embedder.EclipseLogger - Using 'UTF-8' encoding to copy filtered resources.
2023-03-30 01:52:46,243 [Worker-72: Building] INFO  o.e.m.c.i.embedder.EclipseLogger - skip non existing resourceDirectory /Users/eberechukwukathomas/Documents/Java-files/StudentRegistrationform/Student-Details-Portal/src/test/resources
2023-03-30 01:56:02,158 [Worker-4: Loading available Gradle versions] INFO  o.e.b.c.i.u.g.PublishedGradleVersions - Gradle version information cache is up-to-date. Trying to read.
2023-03-30 01:58:48,845 [Worker-16: Building] INFO  o.e.m.c.i.embedder.EclipseLogger - Using 'UTF-8' encoding to copy filtered resources.
2023-03-30 01:58:48,854 [Worker-16: Building] INFO  o.e.m.c.i.embedder.EclipseLogger - skip non existing resourceDirectory /Users/eberechukwukathomas/Documents/Java-files/StudentRegistrationform/Student-Details-Portal/src/main/resources
2023-03-30 01:58:48,858 [Worker-16: Building] INFO  o.e.m.c.i.embedder.EclipseLogger - Using 'UTF-8' encoding to copy filtered resources.
2023-03-30 01:58:48,858 [Worker-16: Building] INFO  o.e.m.c.i.embedder.EclipseLogger - skip non existing resourceDirectory /Users/eberechukwukathomas/Documents/Java-files/StudentRegistrationform/Student-Details-Portal/src/test/resources
2023-03-30 01:59:40,498 [Worker-16: Building] INFO  o.e.m.c.i.embedder.EclipseLogger - Using 'UTF-8' encoding to copy filtered resources.
2023-03-30 01:59:40,498 [Worker-16: Building] INFO  o.e.m.c.i.embedder.EclipseLogger - skip non existing resourceDirectory /Users/eberechukwukathomas/Documents/Java-files/StudentRegistrationform/Student-Details-Portal/src/main/resources
2023-03-30 01:59:40,502 [Worker-16: Building] INFO  o.e.m.c.i.embedder.EclipseLogger - Using 'UTF-8' encoding to copy filtered resources.
2023-03-30 01:59:40,502 [Worker-16: Building] INFO  o.e.m.c.i.embedder.EclipseLogger - skip non existing resourceDirectory /Users/eberechukwukathomas/Documents/Java-files/StudentRegistrationform/Student-Details-Portal/src/test/resources
2023-03-30 02:01:01,245 [Worker-27: Building] INFO  o.e.m.c.i.embedder.EclipseLogger - Using 'UTF-8' encoding to copy filtered resources.
2023-03-30 02:01:01,246 [Worker-27: Building] INFO  o.e.m.c.i.embedder.EclipseLogger - skip non existing resourceDirectory /Users/eberechukwukathomas/Documents/Java-files/StudentRegistrationform/Student-Details-Portal/src/main/resources
2023-03-30 02:01:01,249 [Worker-27: Building] INFO  o.e.m.c.i.embedder.EclipseLogger - Using 'UTF-8' encoding to copy filtered resources.
2023-03-30 02:01:01,249 [Worker-27: Building] INFO  o.e.m.c.i.embedder.EclipseLogger - skip non existing resourceDirectory /Users/eberechukwukathomas/Documents/Java-files/StudentRegistrationform/Student-Details-Portal/src/test/resources
2023-03-30 02:01:56,138 [Worker-25: Building] INFO  o.e.m.c.i.embedder.EclipseLogger - Using 'UTF-8' encoding to copy filtered resources.
2023-03-30 02:01:56,138 [Worker-25: Building] INFO  o.e.m.c.i.embedder.EclipseLogger - skip non existing resourceDirectory /Users/eberechukwukathomas/Documents/Java-files/StudentRegistrationform/Student-Details-Portal/src/main/resources
2023-03-30 02:01:56,140 [Worker-25: Building] INFO  o.e.m.c.i.embedder.EclipseLogger - Using 'UTF-8' encoding to copy filtered resources.
2023-03-30 02:01:56,140 [Worker-25: Building] INFO  o.e.m.c.i.embedder.EclipseLogger - skip non existing resourceDirectory /Users/eberechukwukathomas/Documents/Java-files/StudentRegistrationform/Student-Details-Portal/src/test/resources
2023-03-30 02:09:39,122 [Worker-26: Building] INFO  o.e.m.c.i.embedder.EclipseLogger - Using 'UTF-8' encoding to copy filtered resources.
2023-03-30 02:09:39,123 [Worker-26: Building] INFO  o.e.m.c.i.embedder.EclipseLogger - skip non existing resourceDirectory /Users/eberechukwukathomas/Documents/Java-files/StudentRegistrationform/Student-Details-Portal/src/main/resources
2023-03-30 02:09:39,127 [Worker-26: Building] INFO  o.e.m.c.i.embedder.EclipseLogger - Using 'UTF-8' encoding to copy filtered resources.
2023-03-30 02:09:39,128 [Worker-26: Building] INFO  o.e.m.c.i.embedder.EclipseLogger - skip non existing resourceDirectory /Users/eberechukwukathomas/Documents/Java-files/StudentRegistrationform/Student-Details-Portal/src/test/resources
2023-03-30 02:12:22,478 [Worker-35: Building] INFO  o.e.m.c.i.embedder.EclipseLogger - Using 'UTF-8' encoding to copy filtered resources.
2023-03-30 02:12:22,479 [Worker-35: Building] INFO  o.e.m.c.i.embedder.EclipseLogger - skip non existing resourceDirectory /Users/eberechukwukathomas/Documents/Java-files/StudentRegistrationform/Student-Details-Portal/src/main/resources
2023-03-30 02:12:22,482 [Worker-35: Building] INFO  o.e.m.c.i.embedder.EclipseLogger - Using 'UTF-8' encoding to copy filtered resources.
2023-03-30 02:12:22,482 [Worker-35: Building] INFO  o.e.m.c.i.embedder.EclipseLogger - skip non existing resourceDirectory /Users/eberechukwukathomas/Documents/Java-files/StudentRegistrationform/Student-Details-Portal/src/test/resources
2023-03-30 02:12:32,252 [Worker-32: Building] INFO  o.e.m.c.i.embedder.EclipseLogger - Using 'UTF-8' encoding to copy filtered resources.
2023-03-30 02:12:32,253 [Worker-32: Building] INFO  o.e.m.c.i.embedder.EclipseLogger - skip non existing resourceDirectory /Users/eberechukwukathomas/Documents/Java-files/StudentRegistrationform/Student-Details-Portal/src/main/resources
2023-03-30 02:12:32,255 [Worker-32: Building] INFO  o.e.m.c.i.embedder.EclipseLogger - Using 'UTF-8' encoding to copy filtered resources.
2023-03-30 02:12:32,255 [Worker-32: Building] INFO  o.e.m.c.i.embedder.EclipseLogger - skip non existing resourceDirectory /Users/eberechukwukathomas/Documents/Java-files/StudentRegistrationform/Student-Details-Portal/src/test/resources
2023-03-30 02:14:02,266 [Worker-34: Building] INFO  o.e.m.c.i.embedder.EclipseLogger - Using 'UTF-8' encoding to copy filtered resources.
2023-03-30 02:14:02,267 [Worker-34: Building] INFO  o.e.m.c.i.embedder.EclipseLogger - skip non existing resourceDirectory /Users/eberechukwukathomas/Documents/Java-files/StudentRegistrationform/Student-Details-Portal/src/main/resources
2023-03-30 02:14:02,269 [Worker-34: Building] INFO  o.e.m.c.i.embedder.EclipseLogger - Using 'UTF-8' encoding to copy filtered resources.
2023-03-30 02:14:02,269 [Worker-34: Building] INFO  o.e.m.c.i.embedder.EclipseLogger - skip non existing resourceDirectory /Users/eberechukwukathomas/Documents/Java-files/StudentRegistrationform/Student-Details-Portal/src/test/resources
2023-03-30 02:14:13,141 [Worker-2: Updating Maven Project] INFO  o.e.m.c.i.p.ProjectConfigurationManager - Update started
2023-03-30 02:14:13,494 [Worker-2: Updating Maven Project] INFO  o.e.m.c.i.l.LifecycleMappingFactory - Using org.eclipse.m2e.jdt.JarLifecycleMapping lifecycle mapping for MavenProject: student:Student-Details-Portal:0.0.1-SNAPSHOT @ /Users/eberechukwukathomas/Documents/Java-files/StudentRegistrationform/Student-Details-Portal/pom.xml.
2023-03-30 02:14:13,770 [Worker-2: Updating Maven Project] INFO  o.e.m.j.i.AbstractJavaProjectConfigurator - Adding source folder /Student-Details-Portal/src/main/java
2023-03-30 02:14:13,770 [Worker-2: Updating Maven Project] INFO  o.e.m.j.i.AbstractJavaProjectConfigurator - Adding source folder /Student-Details-Portal/src/test/java
2023-03-30 02:14:13,900 [Worker-2: Updating Maven Project] INFO  o.e.m.c.i.p.ProjectConfigurationManager - Update completed for 1 poms: local refresh takes 0.00 sec, refresh facades takes 0.00 sec, update config takes 0.00 sec 
2023-03-30 02:14:14,169 [Worker-2: Building] INFO  o.e.m.c.i.embedder.EclipseLogger - Using 'UTF-8' encoding to copy filtered resources.
2023-03-30 02:14:14,169 [Worker-2: Building] INFO  o.e.m.c.i.embedder.EclipseLogger - skip non existing resourceDirectory /Users/eberechukwukathomas/Documents/Java-files/StudentRegistrationform/Student-Details-Portal/src/main/resources
2023-03-30 02:14:14,171 [Worker-2: Building] INFO  o.e.m.c.i.embedder.EclipseLogger - Using 'UTF-8' encoding to copy filtered resources.
2023-03-30 02:14:14,172 [Worker-2: Building] INFO  o.e.m.c.i.embedder.EclipseLogger - skip non existing resourceDirectory /Users/eberechukwukathomas/Documents/Java-files/StudentRegistrationform/Student-Details-Portal/src/test/resources
2023-03-30 02:14:33,892 [Worker-34: Building] INFO  o.e.m.c.i.embedder.EclipseLogger - Using 'UTF-8' encoding to copy filtered resources.
2023-03-30 02:14:33,892 [Worker-34: Building] INFO  o.e.m.c.i.embedder.EclipseLogger - skip non existing resourceDirectory /Users/eberechukwukathomas/Documents/Java-files/StudentRegistrationform/Student-Details-Portal/src/main/resources
2023-03-30 02:14:33,901 [Worker-34: Building] INFO  o.e.m.c.i.embedder.EclipseLogger - Using 'UTF-8' encoding to copy filtered resources.
2023-03-30 02:14:33,901 [Worker-34: Building] INFO  o.e.m.c.i.embedder.EclipseLogger - skip non existing resourceDirectory /Users/eberechukwukathomas/Documents/Java-files/StudentRegistrationform/Student-Details-Portal/src/test/resources
2023-03-30 02:15:15,618 [Worker-41: Building] INFO  o.e.m.c.i.embedder.EclipseLogger - Using 'UTF-8' encoding to copy filtered resources.
2023-03-30 02:15:15,619 [Worker-41: Building] INFO  o.e.m.c.i.embedder.EclipseLogger - skip non existing resourceDirectory /Users/eberechukwukathomas/Documents/Java-files/StudentRegistrationform/Student-Details-Portal/src/main/resources
2023-03-30 02:15:15,621 [Worker-41: Building] INFO  o.e.m.c.i.embedder.EclipseLogger - Using 'UTF-8' encoding to copy filtered resources.
2023-03-30 02:15:15,621 [Worker-41: Building] INFO  o.e.m.c.i.embedder.EclipseLogger - skip non existing resourceDirectory /Users/eberechukwukathomas/Documents/Java-files/StudentRegistrationform/Student-Details-Portal/src/test/resources
2023-03-30 02:17:14,344 [Worker-42: Building] INFO  o.e.m.c.i.embedder.EclipseLogger - Using 'UTF-8' encoding to copy filtered resources.
2023-03-30 02:17:14,350 [Worker-42: Building] INFO  o.e.m.c.i.embedder.EclipseLogger - skip non existing resourceDirectory /Users/eberechukwukathomas/Documents/Java-files/StudentRegistrationform/Student-Details-Portal/src/main/resources
2023-03-30 02:17:14,357 [Worker-42: Building] INFO  o.e.m.c.i.embedder.EclipseLogger - Using 'UTF-8' encoding to copy filtered resources.
2023-03-30 02:17:14,357 [Worker-42: Building] INFO  o.e.m.c.i.embedder.EclipseLogger - skip non existing resourceDirectory /Users/eberechukwukathomas/Documents/Java-files/StudentRegistrationform/Student-Details-Portal/src/test/resources
